Compiling the C compiler identification source file "CMakeCCompilerId.c" failed.
Compiler: /opt/dey/4.0-r4/ccimx8x-sbc-pro/sysroots/x86_64-deysdk-linux/usr/share/cmake/../../../../../sysroots/x86_64-deysdk-linux/usr/bin/aarch64-dey-linux/aarch64-dey-linux-gcc 
Build flags: ;-mcpu=cortex-a35;-march=armv8-a+crc+crypto;-mbranch-protection=standard
Id flags:  

The output was:
1
/opt/dey/4.0-r4/ccimx8x-sbc-pro/sysroots/x86_64-deysdk-linux/usr/libexec/aarch64-dey-linux/gcc/aarch64-dey-linux/11.4.0/ld: cannot find Scrt1.o: No such file or directory
/opt/dey/4.0-r4/ccimx8x-sbc-pro/sysroots/x86_64-deysdk-linux/usr/libexec/aarch64-dey-linux/gcc/aarch64-dey-linux/11.4.0/ld: cannot find crti.o: No such file or directory
/opt/dey/4.0-r4/ccimx8x-sbc-pro/sysroots/x86_64-deysdk-linux/usr/libexec/aarch64-dey-linux/gcc/aarch64-dey-linux/11.4.0/ld: cannot find crtbeginS.o: No such file or directory
/opt/dey/4.0-r4/ccimx8x-sbc-pro/sysroots/x86_64-deysdk-linux/usr/libexec/aarch64-dey-linux/gcc/aarch64-dey-linux/11.4.0/ld: cannot find -lgcc: No such file or directory
/opt/dey/4.0-r4/ccimx8x-sbc-pro/sysroots/x86_64-deysdk-linux/usr/libexec/aarch64-dey-linux/gcc/aarch64-dey-linux/11.4.0/ld: cannot find -lgcc_s: No such file or directory
/opt/dey/4.0-r4/ccimx8x-sbc-pro/sysroots/x86_64-deysdk-linux/usr/libexec/aarch64-dey-linux/gcc/aarch64-dey-linux/11.4.0/ld: cannot find -lc: No such file or directory
/opt/dey/4.0-r4/ccimx8x-sbc-pro/sysroots/x86_64-deysdk-linux/usr/libexec/aarch64-dey-linux/gcc/aarch64-dey-linux/11.4.0/ld: cannot find -lgcc: No such file or directory
/opt/dey/4.0-r4/ccimx8x-sbc-pro/sysroots/x86_64-deysdk-linux/usr/libexec/aarch64-dey-linux/gcc/aarch64-dey-linux/11.4.0/ld: cannot find -lgcc_s: No such file or directory
/opt/dey/4.0-r4/ccimx8x-sbc-pro/sysroots/x86_64-deysdk-linux/usr/libexec/aarch64-dey-linux/gcc/aarch64-dey-linux/11.4.0/ld: cannot find crtendS.o: No such file or directory
/opt/dey/4.0-r4/ccimx8x-sbc-pro/sysroots/x86_64-deysdk-linux/usr/libexec/aarch64-dey-linux/gcc/aarch64-dey-linux/11.4.0/ld: cannot find crtn.o: No such file or directory
collect2: error: ld returned 1 exit status


Compiling the CXX compiler identification source file "CMakeCXXCompilerId.cpp" failed.
Compiler: /opt/dey/4.0-r4/ccimx8x-sbc-pro/sysroots/x86_64-deysdk-linux/usr/share/cmake/../../../../../sysroots/x86_64-deysdk-linux/usr/bin/aarch64-dey-linux/aarch64-dey-linux-g++ 
Build flags: ;-mcpu=cortex-a35;-march=armv8-a+crc+crypto;-mbranch-protection=standard
Id flags:  

The output was:
1
/opt/dey/4.0-r4/ccimx8x-sbc-pro/sysroots/x86_64-deysdk-linux/usr/libexec/aarch64-dey-linux/gcc/aarch64-dey-linux/11.4.0/ld: cannot find Scrt1.o: No such file or directory
/opt/dey/4.0-r4/ccimx8x-sbc-pro/sysroots/x86_64-deysdk-linux/usr/libexec/aarch64-dey-linux/gcc/aarch64-dey-linux/11.4.0/ld: cannot find crti.o: No such file or directory
/opt/dey/4.0-r4/ccimx8x-sbc-pro/sysroots/x86_64-deysdk-linux/usr/libexec/aarch64-dey-linux/gcc/aarch64-dey-linux/11.4.0/ld: cannot find crtbeginS.o: No such file or directory
/opt/dey/4.0-r4/ccimx8x-sbc-pro/sysroots/x86_64-deysdk-linux/usr/libexec/aarch64-dey-linux/gcc/aarch64-dey-linux/11.4.0/ld: cannot find -lstdc++: No such file or directory
/opt/dey/4.0-r4/ccimx8x-sbc-pro/sysroots/x86_64-deysdk-linux/usr/libexec/aarch64-dey-linux/gcc/aarch64-dey-linux/11.4.0/ld: cannot find -lm: No such file or directory
/opt/dey/4.0-r4/ccimx8x-sbc-pro/sysroots/x86_64-deysdk-linux/usr/libexec/aarch64-dey-linux/gcc/aarch64-dey-linux/11.4.0/ld: cannot find -lgcc_s: No such file or directory
/opt/dey/4.0-r4/ccimx8x-sbc-pro/sysroots/x86_64-deysdk-linux/usr/libexec/aarch64-dey-linux/gcc/aarch64-dey-linux/11.4.0/ld: cannot find -lgcc: No such file or directory
/opt/dey/4.0-r4/ccimx8x-sbc-pro/sysroots/x86_64-deysdk-linux/usr/libexec/aarch64-dey-linux/gcc/aarch64-dey-linux/11.4.0/ld: cannot find -lc: No such file or directory
/opt/dey/4.0-r4/ccimx8x-sbc-pro/sysroots/x86_64-deysdk-linux/usr/libexec/aarch64-dey-linux/gcc/aarch64-dey-linux/11.4.0/ld: cannot find -lgcc_s: No such file or directory
/opt/dey/4.0-r4/ccimx8x-sbc-pro/sysroots/x86_64-deysdk-linux/usr/libexec/aarch64-dey-linux/gcc/aarch64-dey-linux/11.4.0/ld: cannot find -lgcc: No such file or directory
/opt/dey/4.0-r4/ccimx8x-sbc-pro/sysroots/x86_64-deysdk-linux/usr/libexec/aarch64-dey-linux/gcc/aarch64-dey-linux/11.4.0/ld: cannot find crtendS.o: No such file or directory
/opt/dey/4.0-r4/ccimx8x-sbc-pro/sysroots/x86_64-deysdk-linux/usr/libexec/aarch64-dey-linux/gcc/aarch64-dey-linux/11.4.0/ld: cannot find crtn.o: No such file or directory
collect2: error: ld returned 1 exit status


